<?xml version="1.0" encoding="UTF-8"?>
<testng-results ignored="0" total="19" passed="15" failed="4" skipped="0">
  <reporter-output>
  </reporter-output>
  <suite started-at="2026-02-28T23:02:16 IST" name="Suite" finished-at="2026-02-28T23:10:37 IST" duration-ms="500840">
    <groups>
    </groups>
    <test started-at="2026-02-28T23:02:16 IST" name="Test" finished-at="2026-02-28T23:10:37 IST" duration-ms="500840">
      <class name="regression.VerifyAddProducttoCart">
        <test-method is-config="true" signature="setUp(java.lang.reflect.Method)[pri:0, instance:regression.VerifyAddProducttoCart@c430e6c]" started-at="2026-02-28T23:06:47 IST" name="setUp" finished-at="2026-02-28T23:06:53 IST" duration-ms="6295" status="PASS">
          <params>
            <param index="0">
              <value>
                <![CDATA[public void regression.VerifyAddProducttoCart.validateProductscart()]]>
              </value>
            </param>
          </params>
          <reporter-output>
          </reporter-output>
        </test-method> <!-- setUp -->
        <test-method signature="validateProductscart()[pri:0, instance:regression.VerifyAddProducttoCart@c430e6c]" started-at="2026-02-28T23:06:53 IST" name="validateProductscart" description="Tc01 verify Addproducts cart" finished-at="2026-02-28T23:07:13 IST" duration-ms="20336" status="FAIL">
          <exception class="org.openqa.selenium.TimeoutException">
            <message>
              <![CDATA[Expected condition failed: waiting for visibility of [[ChromeDriver: chrome on windows (c21854dc26b332f2ca812b47b2106d92)] -> xpath: (//a[text()='Add to cart'])[2]] (tried for 10 second(s) with 500 milliseconds interval)
Build info: version: '4.27.0', revision: 'd6e718d134'
System info: os.name: 'Windows 11', os.arch: 'amd64', os.version: '10.0', java.version: '11.0.27'
Driver info: org.openqa.selenium.chrome.ChromeDriver
Capabilities {acceptInsecureCerts: false, browserName: chrome, browserVersion: 145.0.7632.117, chrome: {chromedriverVersion: 145.0.7632.117 (de4e5d6e13b..., userDataDir: C:\Users\lavan\AppData\Loca...}, fedcm:accounts: true, goog:chromeOptions: {debuggerAddress: localhost:58212}, goog:processID: 15332, networkConnectionEnabled: false, pageLoadStrategy: normal, platformName: windows, proxy: Proxy(), se:cdp: ws://localhost:58212/devtoo..., se:cdpVersion: 145.0.7632.117, setWindowRect: true, strictFileInteractability: false, timeouts: {implicit: 0, pageLoad: 300000, script: 30000}, unhandledPromptBehavior: dismiss and notify, webauthn:extension:credBlob: true, webauthn:extension:largeBlob: true, webauthn:extension:minPinLength: true, webauthn:extension:prf: true, webauthn:virtualAuthenticators: true}
Session ID: c21854dc26b332f2ca812b47b2106d92]]>
            </message>
            <full-stacktrace>
              <![CDATA[org.openqa.selenium.TimeoutException: Expected condition failed: waiting for visibility of [[ChromeDriver: chrome on windows (c21854dc26b332f2ca812b47b2106d92)] -> xpath: (//a[text()='Add to cart'])[2]] (tried for 10 second(s) with 500 milliseconds interval)
Build info: version: '4.27.0', revision: 'd6e718d134'
System info: os.name: 'Windows 11', os.arch: 'amd64', os.version: '10.0', java.version: '11.0.27'
Driver info: org.openqa.selenium.chrome.ChromeDriver
Capabilities {acceptInsecureCerts: false, browserName: chrome, browserVersion: 145.0.7632.117, chrome: {chromedriverVersion: 145.0.7632.117 (de4e5d6e13b..., userDataDir: C:\Users\lavan\AppData\Loca...}, fedcm:accounts: true, goog:chromeOptions: {debuggerAddress: localhost:58212}, goog:processID: 15332, networkConnectionEnabled: false, pageLoadStrategy: normal, platformName: windows, proxy: Proxy(), se:cdp: ws://localhost:58212/devtoo..., se:cdpVersion: 145.0.7632.117, setWindowRect: true, strictFileInteractability: false, timeouts: {implicit: 0, pageLoad: 300000, script: 30000}, unhandledPromptBehavior: dismiss and notify, webauthn:extension:credBlob: true, webauthn:extension:largeBlob: true, webauthn:extension:minPinLength: true, webauthn:extension:prf: true, webauthn:virtualAuthenticators: true}
Session ID: c21854dc26b332f2ca812b47b2106d92
at org.openqa.selenium.support.ui.WebDriverWait.timeoutException(WebDriverWait.java:84)
at org.openqa.selenium.support.ui.FluentWait.until(FluentWait.java:228)
at pages.BasePage.click(BasePage.java:41)
at pages.ProductsPage.selectProduct(ProductsPage.java:79)
at regression.VerifyAddProducttoCart.validateProductscart(VerifyAddProducttoCart.java:17)
at java.base/jdk.internal.reflect.NativeMethodAccessorImpl.invoke0(Native Method)
at java.base/jdk.internal.reflect.NativeMethodAccessorImpl.invoke(NativeMethodAccessorImpl.java:62)
at java.base/jdk.internal.reflect.DelegatingMethodAccessorImpl.invoke(DelegatingMethodAccessorImpl.java:43)
at java.base/java.lang.reflect.Method.invoke(Method.java:566)
at org.testng.internal.invokers.MethodInvocationHelper.invokeMethod(MethodInvocationHelper.java:141)
at org.testng.internal.invokers.TestInvoker.invokeMethod(TestInvoker.java:687)
at org.testng.internal.invokers.TestInvoker.invokeTestMethod(TestInvoker.java:230)
at org.testng.internal.invokers.MethodRunner.runInSequence(MethodRunner.java:63)
at org.testng.internal.invokers.TestInvoker$MethodInvocationAgent.invoke(TestInvoker.java:995)
at org.testng.internal.invokers.TestInvoker.invokeTestMethods(TestInvoker.java:203)
at org.testng.internal.invokers.TestMethodWorker.invokeTestMethods(TestMethodWorker.java:154)
at org.testng.internal.invokers.TestMethodWorker.run(TestMethodWorker.java:134)
at java.base/java.util.ArrayList.forEach(ArrayList.java:1541)
at org.testng.TestRunner.privateRun(TestRunner.java:741)
at org.testng.TestRunner.run(TestRunner.java:616)
at org.testng.SuiteRunner.runTest(SuiteRunner.java:421)
at org.testng.SuiteRunner.runSequentially(SuiteRunner.java:413)
at org.testng.SuiteRunner.privateRun(SuiteRunner.java:373)
at org.testng.SuiteRunner.run(SuiteRunner.java:312)
at org.testng.SuiteRunnerWorker.runSuite(SuiteRunnerWorker.java:52)
at org.testng.SuiteRunnerWorker.run(SuiteRunnerWorker.java:95)
at org.testng.TestNG.runSuitesSequentially(TestNG.java:1274)
at org.testng.TestNG.runSuitesLocally(TestNG.java:1208)
at org.testng.TestNG.runSuites(TestNG.java:1112)
at org.testng.TestNG.run(TestNG.java:1079)
at org.testng.remote.AbstractRemoteTestNG.run(AbstractRemoteTestNG.java:115)
at org.testng.remote.RemoteTestNG.initAndRun(RemoteTestNG.java:293)
at org.testng.remote.RemoteTestNG.main(RemoteTestNG.java:91)
]]>
            </full-stacktrace>
          </exception> <!-- org.openqa.selenium.TimeoutException -->
          <reporter-output>
          </reporter-output>
        </test-method> <!-- validateProductscart -->
        <test-method is-config="true" signature="tearDown()[pri:0, instance:regression.VerifyAddProducttoCart@c430e6c]" started-at="2026-02-28T23:07:13 IST" name="tearDown" finished-at="2026-02-28T23:07:18 IST" duration-ms="4293" status="PASS">
          <reporter-output>
          </reporter-output>
        </test-method> <!-- tearDown -->
      </class> <!-- regression.VerifyAddProducttoCart -->
      <class name="regression.VerifyUserSignupWithValidDetails$VerifySignupwithExistingEmail">
        <test-method is-config="true" signature="setUp(java.lang.reflect.Method)[pri:0, instance:regression.VerifyUserSignupWithValidDetails$VerifySignupwithExistingEmail@2a693f59]" started-at="2026-02-28T23:02:38 IST" name="setUp" finished-at="2026-02-28T23:02:43 IST" duration-ms="5789" status="PASS">
          <params>
            <param index="0">
              <value>
                <![CDATA[public void regression.VerifyUserSignupWithValidDetails$VerifySignupwithExistingEmail.verifySignUpExistingMeth(java.util.HashMap)]]>
              </value>
            </param>
          </params>
          <reporter-output>
          </reporter-output>
        </test-method> <!-- setUp -->
        <test-method signature="verifySignUpExistingMeth(java.util.HashMap)[pri:0, instance:regression.VerifyUserSignupWithValidDetails$VerifySignupwithExistingEmail@2a693f59]" started-at="2026-02-28T23:02:43 IST" name="verifySignUpExistingMeth" description="TC-20 validate sign up page new user" data-provider="getSetData" finished-at="2026-02-28T23:03:48 IST" duration-ms="64492" status="FAIL">
          <params>
            <param index="0">
              <value>
                <![CDATA[{MobileNumber=9912898211, Email=nedurisusmitha19@gmail.com, Address=Ottiyabajam, FirstName=Susmitha, State=Tanilnadu, Zipcode=500032, LastName=Nedunuri, City=Chennai, Name=susu, Password=Susmitha@1234}]]>
              </value>
            </param>
          </params>
          <exception class="org.openqa.selenium.TimeoutException">
            <message>
              <![CDATA[Expected condition failed: waiting for visibility of Proxy element for: DefaultElementLocator 'By.xpath: //div[@id='uniform-id_gender2']' (tried for 10 second(s) with 500 milliseconds interval)]]>
            </message>
            <full-stacktrace>
              <![CDATA[org.openqa.selenium.TimeoutException: Expected condition failed: waiting for visibility of Proxy element for: DefaultElementLocator 'By.xpath: //div[@id='uniform-id_gender2']' (tried for 10 second(s) with 500 milliseconds interval)
at org.openqa.selenium.support.ui.WebDriverWait.timeoutException(WebDriverWait.java:84)
at org.openqa.selenium.support.ui.FluentWait.until(FluentWait.java:228)
at pages.BasePage.click(BasePage.java:41)
at pages.SignupPage.clickGenderTitle(SignupPage.java:54)
at regression.VerifyUserSignupWithValidDetails$VerifySignupwithExistingEmail.verifySignUpExistingMeth(VerifyUserSignupWithValidDetails.java:23)
at java.base/jdk.internal.reflect.NativeMethodAccessorImpl.invoke0(Native Method)
at java.base/jdk.internal.reflect.NativeMethodAccessorImpl.invoke(NativeMethodAccessorImpl.java:62)
at java.base/jdk.internal.reflect.DelegatingMethodAccessorImpl.invoke(DelegatingMethodAccessorImpl.java:43)
at java.base/java.lang.reflect.Method.invoke(Method.java:566)
at org.testng.internal.invokers.MethodInvocationHelper.invokeMethod(MethodInvocationHelper.java:141)
at org.testng.internal.invokers.TestInvoker.invokeMethod(TestInvoker.java:687)
at org.testng.internal.invokers.TestInvoker.invokeTestMethod(TestInvoker.java:230)
at org.testng.internal.invokers.MethodRunner.runInSequence(MethodRunner.java:63)
at org.testng.internal.invokers.TestInvoker$MethodInvocationAgent.invoke(TestInvoker.java:995)
at org.testng.internal.invokers.TestInvoker.invokeTestMethods(TestInvoker.java:203)
at org.testng.internal.invokers.TestMethodWorker.invokeTestMethods(TestMethodWorker.java:154)
at org.testng.internal.invokers.TestMethodWorker.run(TestMethodWorker.java:134)
at java.base/java.util.ArrayList.forEach(ArrayList.java:1541)
at org.testng.TestRunner.privateRun(TestRunner.java:741)
at org.testng.TestRunner.run(TestRunner.java:616)
at org.testng.SuiteRunner.runTest(SuiteRunner.java:421)
at org.testng.SuiteRunner.runSequentially(SuiteRunner.java:413)
at org.testng.SuiteRunner.privateRun(SuiteRunner.java:373)
at org.testng.SuiteRunner.run(SuiteRunner.java:312)
at org.testng.SuiteRunnerWorker.runSuite(SuiteRunnerWorker.java:52)
at org.testng.SuiteRunnerWorker.run(SuiteRunnerWorker.java:95)
at org.testng.TestNG.runSuitesSequentially(TestNG.java:1274)
at org.testng.TestNG.runSuitesLocally(TestNG.java:1208)
at org.testng.TestNG.runSuites(TestNG.java:1112)
at org.testng.TestNG.run(TestNG.java:1079)
at org.testng.remote.AbstractRemoteTestNG.run(AbstractRemoteTestNG.java:115)
at org.testng.remote.RemoteTestNG.initAndRun(RemoteTestNG.java:293)
at org.testng.remote.RemoteTestNG.main(RemoteTestNG.java:91)
Caused by: org.openqa.selenium.NoSuchElementException: no such element: Unable to locate element: {"method":"xpath","selector":"//div[@id='uniform-id_gender2']"}
  (Session info: chrome=145.0.7632.117)
For documentation on this error, please visit: https://www.selenium.dev/documentation/webdriver/troubleshooting/errors#no-such-element-exception
Build info: version: '4.27.0', revision: 'd6e718d134'
System info: os.name: 'Windows 11', os.arch: 'amd64', os.version: '10.0', java.version: '11.0.27'
Driver info: org.openqa.selenium.chrome.ChromeDriver
Command: [bdf7ba29df5d0312a8efea51e374ef32, findElement {using=xpath, value=//div[@id='uniform-id_gender2']}]
Capabilities {acceptInsecureCerts: false, browserName: chrome, browserVersion: 145.0.7632.117, chrome: {chromedriverVersion: 145.0.7632.117 (de4e5d6e13b..., userDataDir: C:\Users\lavan\AppData\Loca...}, fedcm:accounts: true, goog:chromeOptions: {debuggerAddress: localhost:61011}, goog:processID: 4892, networkConnectionEnabled: false, pageLoadStrategy: normal, platformName: windows, proxy: Proxy(), se:cdp: ws://localhost:61011/devtoo..., se:cdpVersion: 145.0.7632.117, setWindowRect: true, strictFileInteractability: false, timeouts: {implicit: 0, pageLoad: 300000, script: 30000}, unhandledPromptBehavior: dismiss and notify, webauthn:extension:credBlob: true, webauthn:extension:largeBlob: true, webauthn:extension:minPinLength: true, webauthn:extension:prf: true, webauthn:virtualAuthenticators: true}
Session ID: bdf7ba29df5d0312a8efea51e374ef32
at java.base/jdk.internal.reflect.NativeConstructorAccessorImpl.newInstance0(Native Method)
at java.base/jdk.internal.reflect.NativeConstructorAccessorImpl.newInstance(NativeConstructorAccessorImpl.java:62)
at java.base/jdk.internal.reflect.DelegatingConstructorAccessorImpl.newInstance(DelegatingConstructorAccessorImpl.java:45)
at java.base/java.lang.reflect.Constructor.newInstance(Constructor.java:490)
at org.openqa.selenium.remote.ErrorCodec.decode(ErrorCodec.java:167)
at org.openqa.selenium.remote.codec.w3c.W3CHttpResponseCodec.decode(W3CHttpResponseCodec.java:138)
at org.openqa.selenium.remote.codec.w3c.W3CHttpResponseCodec.decode(W3CHttpResponseCodec.java:50)
at org.openqa.selenium.remote.HttpCommandExecutor.execute(HttpCommandExecutor.java:190)
at org.openqa.selenium.remote.service.DriverCommandExecutor.invokeExecute(DriverCommandExecutor.java:216)
at org.openqa.selenium.remote.service.DriverCommandExecutor.execute(DriverCommandExecutor.java:174)
at org.openqa.selenium.remote.RemoteWebDriver.execute(RemoteWebDriver.java:545)
at org.openqa.selenium.remote.ElementLocation$ElementFinder$2.findElement(ElementLocation.java:165)
at org.openqa.selenium.remote.ElementLocation.findElement(ElementLocation.java:59)
at org.openqa.selenium.remote.RemoteWebDriver.findElement(RemoteWebDriver.java:368)
at org.openqa.selenium.remote.RemoteWebDriver.findElement(RemoteWebDriver.java:362)
at org.openqa.selenium.support.pagefactory.DefaultElementLocator.findElement(DefaultElementLocator.java:68)
at org.openqa.selenium.support.pagefactory.internal.LocatingElementHandler.invoke(LocatingElementHandler.java:38)
at com.sun.proxy.$Proxy16.isDisplayed(Unknown Source)
at org.openqa.selenium.support.ui.ExpectedConditions.elementIfVisible(ExpectedConditions.java:304)
at org.openqa.selenium.support.ui.ExpectedConditions$10.apply(ExpectedConditions.java:290)
at org.openqa.selenium.support.ui.ExpectedConditions$10.apply(ExpectedConditions.java:287)
at org.openqa.selenium.support.ui.FluentWait.until(FluentWait.java:203)
... 31 more
]]>
            </full-stacktrace>
          </exception> <!-- org.openqa.selenium.TimeoutException -->
          <reporter-output>
          </reporter-output>
        </test-method> <!-- verifySignUpExistingMeth -->
        <test-method is-config="true" signature="tearDown()[pri:0, instance:regression.VerifyUserSignupWithValidDetails$VerifySignupwithExistingEmail@2a693f59]" started-at="2026-02-28T23:03:48 IST" name="tearDown" finished-at="2026-02-28T23:03:52 IST" duration-ms="4253" status="PASS">
          <reporter-output>
          </reporter-output>
        </test-method> <!-- tearDown -->
      </class> <!-- regression.VerifyUserSignupWithValidDetails$VerifySignupwithExistingEmail -->
      <class name="regression.VerifyProductsPageNavigation">
        <test-method is-config="true" signature="setUp(java.lang.reflect.Method)[pri:0, instance:regression.VerifyProductsPageNavigation@4bdeaabb]" started-at="2026-02-28T23:08:41 IST" name="setUp" finished-at="2026-02-28T23:08:47 IST" duration-ms="5789" status="PASS">
          <params>
            <param index="0">
              <value>
                <![CDATA[public void regression.VerifyProductsPageNavigation.veridyListOfPageMethog()]]>
              </value>
            </param>
          </params>
          <reporter-output>
          </reporter-output>
        </test-method> <!-- setUp -->
        <test-method signature="veridyListOfPageMethog()[pri:0, instance:regression.VerifyProductsPageNavigation@4bdeaabb]" started-at="2026-02-28T23:08:47 IST" name="veridyListOfPageMethog" description="TC-16 verify product List" finished-at="2026-02-28T23:08:51 IST" duration-ms="3722" status="PASS">
          <reporter-output>
          </reporter-output>
        </test-method> <!-- veridyListOfPageMethog -->
        <test-method is-config="true" signature="tearDown()[pri:0, instance:regression.VerifyProductsPageNavigation@4bdeaabb]" started-at="2026-02-28T23:08:51 IST" name="tearDown" finished-at="2026-02-28T23:08:56 IST" duration-ms="4777" status="PASS">
          <reporter-output>
          </reporter-output>
        </test-method> <!-- tearDown -->
      </class> <!-- regression.VerifyProductsPageNavigation -->
      <class name="regression.VerifyContactUsFormSubmission">
        <test-method is-config="true" signature="setUp(java.lang.reflect.Method)[pri:0, instance:regression.VerifyContactUsFormSubmission@71075444]" started-at="2026-02-28T23:09:38 IST" name="setUp" finished-at="2026-02-28T23:09:47 IST" duration-ms="9513" status="PASS">
          <params>
            <param index="0">
              <value>
                <![CDATA[public void regression.VerifyContactUsFormSubmission.validateProductscart(java.util.HashMap)]]>
              </value>
            </param>
          </params>
          <reporter-output>
          </reporter-output>
        </test-method> <!-- setUp -->
        <test-method signature="validateProductscart(java.util.HashMap)[pri:0, instance:regression.VerifyContactUsFormSubmission@71075444]" started-at="2026-02-28T23:09:47 IST" name="validateProductscart" description="Tc08 verify Addproducts cart" data-provider="getContactData" finished-at="2026-02-28T23:09:53 IST" duration-ms="5581" status="PASS">
          <params>
            <param index="0">
              <value>
                <![CDATA[{Email=nagunedunuri@gmail.com, Name=SusmithaNedunuri}]]>
              </value>
            </param>
          </params>
          <reporter-output>
          </reporter-output>
        </test-method> <!-- validateProductscart -->
        <test-method is-config="true" signature="tearDown()[pri:0, instance:regression.VerifyContactUsFormSubmission@71075444]" started-at="2026-02-28T23:09:53 IST" name="tearDown" finished-at="2026-02-28T23:09:57 IST" duration-ms="4238" status="PASS">
          <reporter-output>
          </reporter-output>
        </test-method> <!-- tearDown -->
      </class> <!-- regression.VerifyContactUsFormSubmission -->
      <class name="regression.VerifyCheckoutWithoutLogin">
        <test-method is-config="true" signature="setUp(java.lang.reflect.Method)[pri:0, instance:regression.VerifyCheckoutWithoutLogin@6b695b06]" started-at="2026-02-28T23:10:16 IST" name="setUp" finished-at="2026-02-28T23:10:21 IST" duration-ms="5391" status="PASS">
          <params>
            <param index="0">
              <value>
                <![CDATA[public void regression.VerifyCheckoutWithoutLogin.validateProductscart()]]>
              </value>
            </param>
          </params>
          <reporter-output>
          </reporter-output>
        </test-method> <!-- setUp -->
        <test-method signature="validateProductscart()[pri:0, instance:regression.VerifyCheckoutWithoutLogin@6b695b06]" started-at="2026-02-28T23:10:21 IST" name="validateProductscart" description="Tc05 verify Addproducts cart" finished-at="2026-02-28T23:10:32 IST" duration-ms="11378" status="PASS">
          <reporter-output>
          </reporter-output>
        </test-method> <!-- validateProductscart -->
        <test-method is-config="true" signature="tearDown()[pri:0, instance:regression.VerifyCheckoutWithoutLogin@6b695b06]" started-at="2026-02-28T23:10:32 IST" name="tearDown" finished-at="2026-02-28T23:10:37 IST" duration-ms="4783" status="PASS">
          <reporter-output>
          </reporter-output>
        </test-method> <!-- tearDown -->
      </class> <!-- regression.VerifyCheckoutWithoutLogin -->
      <class name="regression.VerifyLoginwithInValidCredentials">
        <test-method is-config="true" signature="setUp(java.lang.reflect.Method)[pri:0, instance:regression.VerifyLoginwithInValidCredentials@4c163e3]" started-at="2026-02-28T23:04:25 IST" name="setUp" finished-at="2026-02-28T23:04:51 IST" duration-ms="26121" status="PASS">
          <params>
            <param index="0">
              <value>
                <![CDATA[public void regression.VerifyLoginwithInValidCredentials.validateLoginTest(java.util.HashMap)]]>
              </value>
            </param>
          </params>
          <reporter-output>
          </reporter-output>
        </test-method> <!-- setUp -->
        <test-method signature="validateLoginTest(java.util.HashMap)[pri:0, instance:regression.VerifyLoginwithInValidCredentials@4c163e3]" started-at="2026-02-28T23:04:51 IST" name="validateLoginTest" data-provider="getTestData" finished-at="2026-02-28T23:04:57 IST" duration-ms="6159" status="PASS">
          <params>
            <param index="0">
              <value>
                <![CDATA[{Email=lavanyanedunuri24@gmail.com, Textname=Your email or password is incorrect!, Password=Lavanya@24}]]>
              </value>
            </param>
          </params>
          <reporter-output>
          </reporter-output>
        </test-method> <!-- validateLoginTest -->
        <test-method is-config="true" signature="tearDown()[pri:0, instance:regression.VerifyLoginwithInValidCredentials@4c163e3]" started-at="2026-02-28T23:04:57 IST" name="tearDown" finished-at="2026-02-28T23:05:01 IST" duration-ms="4243" status="PASS">
          <reporter-output>
          </reporter-output>
        </test-method> <!-- tearDown -->
      </class> <!-- regression.VerifyLoginwithInValidCredentials -->
      <class name="regression.VerifyRemoveProductfromCart">
        <test-method is-config="true" signature="setUp(java.lang.reflect.Method)[pri:0, instance:regression.VerifyRemoveProductfromCart@3f4faf53]" started-at="2026-02-28T23:03:52 IST" name="setUp" finished-at="2026-02-28T23:03:58 IST" duration-ms="5394" status="PASS">
          <params>
            <param index="0">
              <value>
                <![CDATA[public void regression.VerifyRemoveProductfromCart.verifyRemoveProductFromCartMeth()]]>
              </value>
            </param>
          </params>
          <reporter-output>
          </reporter-output>
        </test-method> <!-- setUp -->
        <test-method signature="verifyRemoveProductFromCartMeth()[pri:0, instance:regression.VerifyRemoveProductfromCart@3f4faf53]" started-at="2026-02-28T23:03:58 IST" name="verifyRemoveProductFromCartMeth" description="TC-17 verify removed product or not" finished-at="2026-02-28T23:04:20 IST" duration-ms="22729" status="PASS">
          <reporter-output>
          </reporter-output>
        </test-method> <!-- verifyRemoveProductFromCartMeth -->
        <test-method is-config="true" signature="tearDown()[pri:0, instance:regression.VerifyRemoveProductfromCart@3f4faf53]" started-at="2026-02-28T23:04:20 IST" name="tearDown" finished-at="2026-02-28T23:04:25 IST" duration-ms="4299" status="PASS">
          <reporter-output>
          </reporter-output>
        </test-method> <!-- tearDown -->
      </class> <!-- regression.VerifyRemoveProductfromCart -->
      <class name="regression.VerifyProductSearchFunction">
        <test-method is-config="true" signature="setUp(java.lang.reflect.Method)[pri:0, instance:regression.VerifyProductSearchFunction@536f2a7e]" started-at="2026-02-28T23:07:31 IST" name="setUp" finished-at="2026-02-28T23:07:38 IST" duration-ms="6788" status="PASS">
          <params>
            <param index="0">
              <value>
                <![CDATA[public void regression.VerifyProductSearchFunction.veridySearchPageMethog()]]>
              </value>
            </param>
          </params>
          <reporter-output>
          </reporter-output>
        </test-method> <!-- setUp -->
        <test-method signature="veridySearchPageMethog()[pri:0, instance:regression.VerifyProductSearchFunction@536f2a7e]" started-at="2026-02-28T23:07:38 IST" name="veridySearchPageMethog" description="TC-15 verify product search page" finished-at="2026-02-28T23:07:45 IST" duration-ms="7183" status="PASS">
          <reporter-output>
          </reporter-output>
        </test-method> <!-- veridySearchPageMethog -->
        <test-method is-config="true" signature="tearDown()[pri:0, instance:regression.VerifyProductSearchFunction@536f2a7e]" started-at="2026-02-28T23:07:45 IST" name="tearDown" finished-at="2026-02-28T23:07:50 IST" duration-ms="4893" status="PASS">
          <reporter-output>
          </reporter-output>
        </test-method> <!-- tearDown -->
      </class> <!-- regression.VerifyProductSearchFunction -->
      <class name="regression.VerifyFooterSubscription">
        <test-method is-config="true" signature="setUp(java.lang.reflect.Method)[pri:0, instance:regression.VerifyFooterSubscription@4f32a3ad]" started-at="2026-02-28T23:09:57 IST" name="setUp" finished-at="2026-02-28T23:10:10 IST" duration-ms="13637" status="PASS">
          <params>
            <param index="0">
              <value>
                <![CDATA[public void regression.VerifyFooterSubscription.validateProductscart()]]>
              </value>
            </param>
          </params>
          <reporter-output>
          </reporter-output>
        </test-method> <!-- setUp -->
        <test-method signature="validateProductscart()[pri:0, instance:regression.VerifyFooterSubscription@4f32a3ad]" started-at="2026-02-28T23:10:10 IST" name="validateProductscart" description="Tc09 verify Addproducts cart" finished-at="2026-02-28T23:10:11 IST" duration-ms="923" status="PASS">
          <reporter-output>
          </reporter-output>
        </test-method> <!-- validateProductscart -->
        <test-method is-config="true" signature="tearDown()[pri:0, instance:regression.VerifyFooterSubscription@4f32a3ad]" started-at="2026-02-28T23:10:11 IST" name="tearDown" finished-at="2026-02-28T23:10:16 IST" duration-ms="4215" status="PASS">
          <reporter-output>
          </reporter-output>
        </test-method> <!-- tearDown -->
      </class> <!-- regression.VerifyFooterSubscription -->
      <class name="regression.VerifyCheckoutProcess">
        <test-method is-config="true" signature="loadConfig()[pri:0, instance:regression.VerifyCheckoutProcess@35841320]" started-at="2026-02-28T23:02:16 IST" name="loadConfig" finished-at="2026-02-28T23:02:17 IST" duration-ms="277" status="PASS">
          <reporter-output>
          </reporter-output>
        </test-method> <!-- loadConfig -->
        <test-method is-config="true" signature="setUp(java.lang.reflect.Method)[pri:0, instance:regression.VerifyCheckoutProcess@35841320]" started-at="2026-02-28T23:02:17 IST" name="setUp" finished-at="2026-02-28T23:02:23 IST" duration-ms="6041" status="PASS">
          <params>
            <param index="0">
              <value>
                <![CDATA[public void regression.VerifyCheckoutProcess.validateProductscart()]]>
              </value>
            </param>
          </params>
          <reporter-output>
          </reporter-output>
        </test-method> <!-- setUp -->
        <test-method signature="validateProductscart()[pri:0, instance:regression.VerifyCheckoutProcess@35841320]" started-at="2026-02-28T23:02:23 IST" name="validateProductscart" description="TC-04 verify checkoput process" finished-at="2026-02-28T23:02:32 IST" duration-ms="9673" status="PASS">
          <reporter-output>
          </reporter-output>
        </test-method> <!-- validateProductscart -->
        <test-method is-config="true" signature="tearDown()[pri:0, instance:regression.VerifyCheckoutProcess@35841320]" started-at="2026-02-28T23:02:32 IST" name="tearDown" finished-at="2026-02-28T23:02:37 IST" duration-ms="4412" status="PASS">
          <reporter-output>
          </reporter-output>
        </test-method> <!-- tearDown -->
      </class> <!-- regression.VerifyCheckoutProcess -->
      <class name="regression.VerifyAddMultipleProductstoCart">
        <test-method is-config="true" signature="setUp(java.lang.reflect.Method)[pri:0, instance:regression.VerifyAddMultipleProductstoCart@4a8355dd]" started-at="2026-02-28T23:05:01 IST" name="setUp" finished-at="2026-02-28T23:05:13 IST" duration-ms="12213" status="PASS">
          <params>
            <param index="0">
              <value>
                <![CDATA[public void regression.VerifyAddMultipleProductstoCart.validateProductscart()]]>
              </value>
            </param>
          </params>
          <reporter-output>
          </reporter-output>
        </test-method> <!-- setUp -->
        <test-method signature="validateProductscart()[pri:0, instance:regression.VerifyAddMultipleProductstoCart@4a8355dd]" started-at="2026-02-28T23:05:13 IST" name="validateProductscart" description="Tc01 verify products cart" finished-at="2026-02-28T23:05:54 IST" duration-ms="40213" status="FAIL">
          <exception class="org.openqa.selenium.TimeoutException">
            <message>
              <![CDATA[Expected condition failed: waiting for visibility of [[ChromeDriver: chrome on windows (7906ad0c1474bd54dd75d04f27b8ecae)] -> xpath: (//a[text()='Add to cart'])[2]] (tried for 10 second(s) with 500 milliseconds interval)
Build info: version: '4.27.0', revision: 'd6e718d134'
System info: os.name: 'Windows 11', os.arch: 'amd64', os.version: '10.0', java.version: '11.0.27'
Driver info: org.openqa.selenium.chrome.ChromeDriver
Capabilities {acceptInsecureCerts: false, browserName: chrome, browserVersion: 145.0.7632.117, chrome: {chromedriverVersion: 145.0.7632.117 (de4e5d6e13b..., userDataDir: C:\Users\lavan\AppData\Loca...}, fedcm:accounts: true, goog:chromeOptions: {debuggerAddress: localhost:61735}, goog:processID: 1356, networkConnectionEnabled: false, pageLoadStrategy: normal, platformName: windows, proxy: Proxy(), se:cdp: ws://localhost:61735/devtoo..., se:cdpVersion: 145.0.7632.117, setWindowRect: true, strictFileInteractability: false, timeouts: {implicit: 0, pageLoad: 300000, script: 30000}, unhandledPromptBehavior: dismiss and notify, webauthn:extension:credBlob: true, webauthn:extension:largeBlob: true, webauthn:extension:minPinLength: true, webauthn:extension:prf: true, webauthn:virtualAuthenticators: true}
Session ID: 7906ad0c1474bd54dd75d04f27b8ecae]]>
            </message>
            <full-stacktrace>
              <![CDATA[org.openqa.selenium.TimeoutException: Expected condition failed: waiting for visibility of [[ChromeDriver: chrome on windows (7906ad0c1474bd54dd75d04f27b8ecae)] -> xpath: (//a[text()='Add to cart'])[2]] (tried for 10 second(s) with 500 milliseconds interval)
Build info: version: '4.27.0', revision: 'd6e718d134'
System info: os.name: 'Windows 11', os.arch: 'amd64', os.version: '10.0', java.version: '11.0.27'
Driver info: org.openqa.selenium.chrome.ChromeDriver
Capabilities {acceptInsecureCerts: false, browserName: chrome, browserVersion: 145.0.7632.117, chrome: {chromedriverVersion: 145.0.7632.117 (de4e5d6e13b..., userDataDir: C:\Users\lavan\AppData\Loca...}, fedcm:accounts: true, goog:chromeOptions: {debuggerAddress: localhost:61735}, goog:processID: 1356, networkConnectionEnabled: false, pageLoadStrategy: normal, platformName: windows, proxy: Proxy(), se:cdp: ws://localhost:61735/devtoo..., se:cdpVersion: 145.0.7632.117, setWindowRect: true, strictFileInteractability: false, timeouts: {implicit: 0, pageLoad: 300000, script: 30000}, unhandledPromptBehavior: dismiss and notify, webauthn:extension:credBlob: true, webauthn:extension:largeBlob: true, webauthn:extension:minPinLength: true, webauthn:extension:prf: true, webauthn:virtualAuthenticators: true}
Session ID: 7906ad0c1474bd54dd75d04f27b8ecae
at org.openqa.selenium.support.ui.WebDriverWait.timeoutException(WebDriverWait.java:84)
at org.openqa.selenium.support.ui.FluentWait.until(FluentWait.java:228)
at pages.BasePage.click(BasePage.java:41)
at pages.ProductsPage.selectProduct(ProductsPage.java:79)
at regression.VerifyAddMultipleProductstoCart.validateProductscart(VerifyAddMultipleProductstoCart.java:17)
at java.base/jdk.internal.reflect.NativeMethodAccessorImpl.invoke0(Native Method)
at java.base/jdk.internal.reflect.NativeMethodAccessorImpl.invoke(NativeMethodAccessorImpl.java:62)
at java.base/jdk.internal.reflect.DelegatingMethodAccessorImpl.invoke(DelegatingMethodAccessorImpl.java:43)
at java.base/java.lang.reflect.Method.invoke(Method.java:566)
at org.testng.internal.invokers.MethodInvocationHelper.invokeMethod(MethodInvocationHelper.java:141)
at org.testng.internal.invokers.TestInvoker.invokeMethod(TestInvoker.java:687)
at org.testng.internal.invokers.TestInvoker.invokeTestMethod(TestInvoker.java:230)
at org.testng.internal.invokers.MethodRunner.runInSequence(MethodRunner.java:63)
at org.testng.internal.invokers.TestInvoker$MethodInvocationAgent.invoke(TestInvoker.java:995)
at org.testng.internal.invokers.TestInvoker.invokeTestMethods(TestInvoker.java:203)
at org.testng.internal.invokers.TestMethodWorker.invokeTestMethods(TestMethodWorker.java:154)
at org.testng.internal.invokers.TestMethodWorker.run(TestMethodWorker.java:134)
at java.base/java.util.ArrayList.forEach(ArrayList.java:1541)
at org.testng.TestRunner.privateRun(TestRunner.java:741)
at org.testng.TestRunner.run(TestRunner.java:616)
at org.testng.SuiteRunner.runTest(SuiteRunner.java:421)
at org.testng.SuiteRunner.runSequentially(SuiteRunner.java:413)
at org.testng.SuiteRunner.privateRun(SuiteRunner.java:373)
at org.testng.SuiteRunner.run(SuiteRunner.java:312)
at org.testng.SuiteRunnerWorker.runSuite(SuiteRunnerWorker.java:52)
at org.testng.SuiteRunnerWorker.run(SuiteRunnerWorker.java:95)
at org.testng.TestNG.runSuitesSequentially(TestNG.java:1274)
at org.testng.TestNG.runSuitesLocally(TestNG.java:1208)
at org.testng.TestNG.runSuites(TestNG.java:1112)
at org.testng.TestNG.run(TestNG.java:1079)
at org.testng.remote.AbstractRemoteTestNG.run(AbstractRemoteTestNG.java:115)
at org.testng.remote.RemoteTestNG.initAndRun(RemoteTestNG.java:293)
at org.testng.remote.RemoteTestNG.main(RemoteTestNG.java:91)
]]>
            </full-stacktrace>
          </exception> <!-- org.openqa.selenium.TimeoutException -->
          <reporter-output>
          </reporter-output>
        </test-method> <!-- validateProductscart -->
        <test-method is-config="true" signature="tearDown()[pri:0, instance:regression.VerifyAddMultipleProductstoCart@4a8355dd]" started-at="2026-02-28T23:05:54 IST" name="tearDown" finished-at="2026-02-28T23:05:58 IST" duration-ms="4273" status="PASS">
          <reporter-output>
          </reporter-output>
        </test-method> <!-- tearDown -->
      </class> <!-- regression.VerifyAddMultipleProductstoCart -->
      <class name="regression.VerifyLoginwithValidCredentials">
        <test-method is-config="true" signature="setUp(java.lang.reflect.Method)[pri:0, instance:regression.VerifyLoginwithValidCredentials@65987993]" started-at="2026-02-28T23:09:19 IST" name="setUp" finished-at="2026-02-28T23:09:25 IST" duration-ms="5608" status="PASS">
          <params>
            <param index="0">
              <value>
                <![CDATA[public void regression.VerifyLoginwithValidCredentials.validateLoginTest(java.util.HashMap)]]>
              </value>
            </param>
          </params>
          <reporter-output>
          </reporter-output>
        </test-method> <!-- setUp -->
        <test-method signature="validateLoginTest(java.util.HashMap)[pri:0, instance:regression.VerifyLoginwithValidCredentials@65987993]" started-at="2026-02-28T23:09:25 IST" name="validateLoginTest" data-provider="getTestData" finished-at="2026-02-28T23:09:33 IST" duration-ms="8642" status="PASS">
          <params>
            <param index="0">
              <value>
                <![CDATA[{Email=nagunedunuri@gmail.com, Password=Bannu@123}]]>
              </value>
            </param>
          </params>
          <reporter-output>
          </reporter-output>
        </test-method> <!-- validateLoginTest -->
        <test-method is-config="true" signature="tearDown()[pri:0, instance:regression.VerifyLoginwithValidCredentials@65987993]" started-at="2026-02-28T23:09:33 IST" name="tearDown" finished-at="2026-02-28T23:09:37 IST" duration-ms="4270" status="PASS">
          <reporter-output>
          </reporter-output>
        </test-method> <!-- tearDown -->
      </class> <!-- regression.VerifyLoginwithValidCredentials -->
      <class name="regression.VerifyCartQuantityUpdate">
        <test-method is-config="true" signature="setUp(java.lang.reflect.Method)[pri:0, instance:regression.VerifyCartQuantityUpdate@6c4906d3]" started-at="2026-02-28T23:08:56 IST" name="setUp" finished-at="2026-02-28T23:09:01 IST" duration-ms="5307" status="PASS">
          <params>
            <param index="0">
              <value>
                <![CDATA[public void regression.VerifyCartQuantityUpdate.validateProductscart()]]>
              </value>
            </param>
          </params>
          <reporter-output>
          </reporter-output>
        </test-method> <!-- setUp -->
        <test-method signature="validateProductscart()[pri:0, instance:regression.VerifyCartQuantityUpdate@6c4906d3]" started-at="2026-02-28T23:09:01 IST" name="validateProductscart" description="Tc03 verify QuantityUpdate cart" finished-at="2026-02-28T23:09:14 IST" duration-ms="13250" status="PASS">
          <reporter-output>
          </reporter-output>
        </test-method> <!-- validateProductscart -->
        <test-method is-config="true" signature="tearDown()[pri:0, instance:regression.VerifyCartQuantityUpdate@6c4906d3]" started-at="2026-02-28T23:09:14 IST" name="tearDown" finished-at="2026-02-28T23:09:19 IST" duration-ms="4707" status="PASS">
          <reporter-output>
          </reporter-output>
        </test-method> <!-- tearDown -->
      </class> <!-- regression.VerifyCartQuantityUpdate -->
      <class name="regression.VerifyPlaceOrderwithValidDetails">
        <test-method is-config="true" signature="setUp(java.lang.reflect.Method)[pri:0, instance:regression.VerifyPlaceOrderwithValidDetails@4d0d9fe7]" started-at="2026-02-28T23:05:58 IST" name="setUp" finished-at="2026-02-28T23:06:04 IST" duration-ms="5922" status="PASS">
          <params>
            <param index="0">
              <value>
                <![CDATA[public void regression.VerifyPlaceOrderwithValidDetails.validateProductscart(java.util.HashMap)]]>
              </value>
            </param>
          </params>
          <reporter-output>
          </reporter-output>
        </test-method> <!-- setUp -->
        <test-method signature="validateProductscart(java.util.HashMap)[pri:0, instance:regression.VerifyPlaceOrderwithValidDetails@4d0d9fe7]" started-at="2026-02-28T23:06:04 IST" name="validateProductscart" description="TC-13 verify checkoput process" data-provider="placeDatadetaisl" finished-at="2026-02-28T23:06:42 IST" duration-ms="38497" status="PASS">
          <params>
            <param index="0">
              <value>
                <![CDATA[{CardNumber=12345567788091, Cvc=123, Month=8, Email=nagunedunuri@gmail.com, Year=2028, NameOnCard=nagu, Password=Bannu@123}]]>
              </value>
            </param>
          </params>
          <reporter-output>
          </reporter-output>
        </test-method> <!-- validateProductscart -->
        <test-method is-config="true" signature="tearDown()[pri:0, instance:regression.VerifyPlaceOrderwithValidDetails@4d0d9fe7]" started-at="2026-02-28T23:06:42 IST" name="tearDown" finished-at="2026-02-28T23:06:47 IST" duration-ms="4250" status="PASS">
          <reporter-output>
          </reporter-output>
        </test-method> <!-- tearDown -->
      </class> <!-- regression.VerifyPlaceOrderwithValidDetails -->
      <class name="regression.VerifyLogoutFunctionality">
        <test-method signature="validateLoginTest(java.util.HashMap)[pri:0, instance:regression.VerifyLogoutFunctionality@66982506]" started-at="2026-02-28T23:08:08 IST" name="validateLoginTest" description="Tc-12 verify logout page" data-provider="getTestData" finished-at="2026-02-28T23:08:08 IST" duration-ms="4" status="FAIL">
          <params>
            <param index="0">
              <value>
                <![CDATA[{Email=nagunedunuri@gmail.com, Password=Bannu@123}]]>
              </value>
            </param>
          </params>
          <exception class="org.openqa.selenium.NoSuchSessionException">
            <message>
              <![CDATA[Session ID is null. Using WebDriver after calling quit()?
Build info: version: '4.27.0', revision: 'd6e718d134'
System info: os.name: 'Windows 11', os.arch: 'amd64', os.version: '10.0', java.version: '11.0.27'
Driver info: org.openqa.selenium.chrome.ChromeDriver
Command: [null, findElement {using=xpath, value=//a[text()=' Signup / Login']}]
Capabilities {acceptInsecureCerts: false, browserName: chrome, browserVersion: 145.0.7632.117, chrome: {chromedriverVersion: 145.0.7632.117 (de4e5d6e13b..., userDataDir: C:\Users\lavan\AppData\Loca...}, fedcm:accounts: true, goog:chromeOptions: {debuggerAddress: localhost:57236}, goog:processID: 12372, networkConnectionEnabled: false, pageLoadStrategy: normal, platformName: windows, proxy: Proxy(), se:cdp: ws://localhost:57236/devtoo..., se:cdpVersion: 145.0.7632.117, setWindowRect: true, strictFileInteractability: false, timeouts: {implicit: 0, pageLoad: 300000, script: 30000}, unhandledPromptBehavior: dismiss and notify, webauthn:extension:credBlob: true, webauthn:extension:largeBlob: true, webauthn:extension:minPinLength: true, webauthn:extension:prf: true, webauthn:virtualAuthenticators: true}]]>
            </message>
            <full-stacktrace>
              <![CDATA[org.openqa.selenium.NoSuchSessionException: Session ID is null. Using WebDriver after calling quit()?
Build info: version: '4.27.0', revision: 'd6e718d134'
System info: os.name: 'Windows 11', os.arch: 'amd64', os.version: '10.0', java.version: '11.0.27'
Driver info: org.openqa.selenium.chrome.ChromeDriver
Command: [null, findElement {using=xpath, value=//a[text()=' Signup / Login']}]
Capabilities {acceptInsecureCerts: false, browserName: chrome, browserVersion: 145.0.7632.117, chrome: {chromedriverVersion: 145.0.7632.117 (de4e5d6e13b..., userDataDir: C:\Users\lavan\AppData\Loca...}, fedcm:accounts: true, goog:chromeOptions: {debuggerAddress: localhost:57236}, goog:processID: 12372, networkConnectionEnabled: false, pageLoadStrategy: normal, platformName: windows, proxy: Proxy(), se:cdp: ws://localhost:57236/devtoo..., se:cdpVersion: 145.0.7632.117, setWindowRect: true, strictFileInteractability: false, timeouts: {implicit: 0, pageLoad: 300000, script: 30000}, unhandledPromptBehavior: dismiss and notify, webauthn:extension:credBlob: true, webauthn:extension:largeBlob: true, webauthn:extension:minPinLength: true, webauthn:extension:prf: true, webauthn:virtualAuthenticators: true}
at org.openqa.selenium.remote.HttpCommandExecutor.execute(HttpCommandExecutor.java:151)
at org.openqa.selenium.remote.service.DriverCommandExecutor.invokeExecute(DriverCommandExecutor.java:216)
at org.openqa.selenium.remote.service.DriverCommandExecutor.execute(DriverCommandExecutor.java:174)
at org.openqa.selenium.remote.RemoteWebDriver.execute(RemoteWebDriver.java:545)
at org.openqa.selenium.remote.ElementLocation$ElementFinder$2.findElement(ElementLocation.java:165)
at org.openqa.selenium.remote.ElementLocation.findElement(ElementLocation.java:59)
at org.openqa.selenium.remote.RemoteWebDriver.findElement(RemoteWebDriver.java:368)
at org.openqa.selenium.remote.RemoteWebDriver.findElement(RemoteWebDriver.java:362)
at org.openqa.selenium.support.pagefactory.DefaultElementLocator.findElement(DefaultElementLocator.java:68)
at org.openqa.selenium.support.pagefactory.internal.LocatingElementHandler.invoke(LocatingElementHandler.java:38)
at com.sun.proxy.$Proxy16.isDisplayed(Unknown Source)
at org.openqa.selenium.support.ui.ExpectedConditions.elementIfVisible(ExpectedConditions.java:304)
at org.openqa.selenium.support.ui.ExpectedConditions$10.apply(ExpectedConditions.java:290)
at org.openqa.selenium.support.ui.ExpectedConditions$10.apply(ExpectedConditions.java:287)
at org.openqa.selenium.support.ui.FluentWait.until(FluentWait.java:203)
at pages.BasePage.click(BasePage.java:41)
at pages.LoginPage.loginOrSubmitButton(LoginPage.java:35)
at regression.VerifyLogoutFunctionality.validateLoginTest(VerifyLogoutFunctionality.java:15)
at java.base/jdk.internal.reflect.NativeMethodAccessorImpl.invoke0(Native Method)
at java.base/jdk.internal.reflect.NativeMethodAccessorImpl.invoke(NativeMethodAccessorImpl.java:62)
at java.base/jdk.internal.reflect.DelegatingMethodAccessorImpl.invoke(DelegatingMethodAccessorImpl.java:43)
at java.base/java.lang.reflect.Method.invoke(Method.java:566)
at org.testng.internal.invokers.MethodInvocationHelper.invokeMethod(MethodInvocationHelper.java:141)
at org.testng.internal.invokers.TestInvoker.invokeMethod(TestInvoker.java:687)
at org.testng.internal.invokers.TestInvoker.invokeTestMethod(TestInvoker.java:230)
at org.testng.internal.invokers.MethodRunner.runInSequence(MethodRunner.java:63)
at org.testng.internal.invokers.TestInvoker$MethodInvocationAgent.invoke(TestInvoker.java:995)
at org.testng.internal.invokers.TestInvoker.invokeTestMethods(TestInvoker.java:203)
at org.testng.internal.invokers.TestMethodWorker.invokeTestMethods(TestMethodWorker.java:154)
at org.testng.internal.invokers.TestMethodWorker.run(TestMethodWorker.java:134)
at java.base/java.util.ArrayList.forEach(ArrayList.java:1541)
at org.testng.TestRunner.privateRun(TestRunner.java:741)
at org.testng.TestRunner.run(TestRunner.java:616)
at org.testng.SuiteRunner.runTest(SuiteRunner.java:421)
at org.testng.SuiteRunner.runSequentially(SuiteRunner.java:413)
at org.testng.SuiteRunner.privateRun(SuiteRunner.java:373)
at org.testng.SuiteRunner.run(SuiteRunner.java:312)
at org.testng.SuiteRunnerWorker.runSuite(SuiteRunnerWorker.java:52)
at org.testng.SuiteRunnerWorker.run(SuiteRunnerWorker.java:95)
at org.testng.TestNG.runSuitesSequentially(TestNG.java:1274)
at org.testng.TestNG.runSuitesLocally(TestNG.java:1208)
at org.testng.TestNG.runSuites(TestNG.java:1112)
at org.testng.TestNG.run(TestNG.java:1079)
at org.testng.remote.AbstractRemoteTestNG.run(AbstractRemoteTestNG.java:115)
at org.testng.remote.RemoteTestNG.initAndRun(RemoteTestNG.java:293)
at org.testng.remote.RemoteTestNG.main(RemoteTestNG.java:91)
]]>
            </full-stacktrace>
          </exception> <!-- org.openqa.selenium.NoSuchSessionException -->
          <reporter-output>
          </reporter-output>
        </test-method> <!-- validateLoginTest -->
      </class> <!-- regression.VerifyLogoutFunctionality -->
      <class name="regression.VerifyHomePageLogoClick">
        <test-method is-config="true" signature="setUp(java.lang.reflect.Method)[pri:0, instance:regression.VerifyHomePageLogoClick@70cf32e3]" started-at="2026-02-28T23:08:08 IST" name="setUp" finished-at="2026-02-28T23:08:14 IST" duration-ms="5444" status="PASS">
          <params>
            <param index="0">
              <value>
                <![CDATA[public void regression.VerifyHomePageLogoClick.validateProductscart()]]>
              </value>
            </param>
          </params>
          <reporter-output>
          </reporter-output>
        </test-method> <!-- setUp -->
        <test-method signature="validateProductscart()[pri:0, instance:regression.VerifyHomePageLogoClick@70cf32e3]" started-at="2026-02-28T23:08:14 IST" name="validateProductscart" description="Tc10 verify Addproducts cart" finished-at="2026-02-28T23:08:20 IST" duration-ms="6166" status="PASS">
          <reporter-output>
          </reporter-output>
        </test-method> <!-- validateProductscart -->
        <test-method is-config="true" signature="tearDown()[pri:0, instance:regression.VerifyHomePageLogoClick@70cf32e3]" started-at="2026-02-28T23:08:20 IST" name="tearDown" finished-at="2026-02-28T23:08:24 IST" duration-ms="4230" status="PASS">
          <reporter-output>
          </reporter-output>
        </test-method> <!-- tearDown -->
      </class> <!-- regression.VerifyHomePageLogoClick -->
      <class name="regression.VerifySignupwithExistingEmail">
        <test-method is-config="true" signature="setUp(java.lang.reflect.Method)[pri:0, instance:regression.VerifySignupwithExistingEmail@72bc6553]" started-at="2026-02-28T23:07:50 IST" name="setUp" finished-at="2026-02-28T23:07:57 IST" duration-ms="6819" status="PASS">
          <params>
            <param index="0">
              <value>
                <![CDATA[public void regression.VerifySignupwithExistingEmail.verifySignUpExistingMeth(java.util.HashMap)]]>
              </value>
            </param>
          </params>
          <reporter-output>
          </reporter-output>
        </test-method> <!-- setUp -->
        <test-method signature="verifySignUpExistingMeth(java.util.HashMap)[pri:0, instance:regression.VerifySignupwithExistingEmail@72bc6553]" started-at="2026-02-28T23:07:57 IST" name="verifySignUpExistingMeth" description="TC-19 validate sign up page already existing user" data-provider="getSetData" finished-at="2026-02-28T23:08:03 IST" duration-ms="6267" status="PASS">
          <params>
            <param index="0">
              <value>
                <![CDATA[{Email=nagunedunuri@gmail.com, Name=SusmithaNedunuri}]]>
              </value>
            </param>
          </params>
          <reporter-output>
          </reporter-output>
        </test-method> <!-- verifySignUpExistingMeth -->
        <test-method is-config="true" signature="tearDown()[pri:0, instance:regression.VerifySignupwithExistingEmail@72bc6553]" started-at="2026-02-28T23:08:03 IST" name="tearDown" finished-at="2026-02-28T23:08:08 IST" duration-ms="5030" status="PASS">
          <reporter-output>
          </reporter-output>
        </test-method> <!-- tearDown -->
      </class> <!-- regression.VerifySignupwithExistingEmail -->
      <class name="regression.VerifyContactFormValidation">
        <test-method is-config="true" signature="setUp(java.lang.reflect.Method)[pri:0, instance:regression.VerifyContactFormValidation@5a59ca5e]" started-at="2026-02-28T23:08:24 IST" name="setUp" finished-at="2026-02-28T23:08:33 IST" duration-ms="9077" status="PASS">
          <params>
            <param index="0">
              <value>
                <![CDATA[public void regression.VerifyContactFormValidation.validateProductscart()]]>
              </value>
            </param>
          </params>
          <reporter-output>
          </reporter-output>
        </test-method> <!-- setUp -->
        <test-method signature="validateProductscart()[pri:0, instance:regression.VerifyContactFormValidation@5a59ca5e]" started-at="2026-02-28T23:08:33 IST" name="validateProductscart" description="Tc07 verify Addproducts cart" finished-at="2026-02-28T23:08:37 IST" duration-ms="4080" status="PASS">
          <reporter-output>
          </reporter-output>
        </test-method> <!-- validateProductscart -->
        <test-method is-config="true" signature="tearDown()[pri:0, instance:regression.VerifyContactFormValidation@5a59ca5e]" started-at="2026-02-28T23:08:37 IST" name="tearDown" finished-at="2026-02-28T23:08:41 IST" duration-ms="4225" status="PASS">
          <reporter-output>
          </reporter-output>
        </test-method> <!-- tearDown -->
      </class> <!-- regression.VerifyContactFormValidation -->
      <class name="regression.VerifySearchwithInvalidProduct">
        <test-method is-config="true" signature="setUp(java.lang.reflect.Method)[pri:0, instance:regression.VerifySearchwithInvalidProduct@312aa7c]" started-at="2026-02-28T23:07:18 IST" name="setUp" finished-at="2026-02-28T23:07:22 IST" duration-ms="4556" status="PASS">
          <params>
            <param index="0">
              <value>
                <![CDATA[public void regression.VerifySearchwithInvalidProduct.veridySearchPageMethog()]]>
              </value>
            </param>
          </params>
          <reporter-output>
          </reporter-output>
        </test-method> <!-- setUp -->
        <test-method signature="veridySearchPageMethog()[pri:0, instance:regression.VerifySearchwithInvalidProduct@312aa7c]" started-at="2026-02-28T23:07:22 IST" name="veridySearchPageMethog" description="TC-18 verify product search page" finished-at="2026-02-28T23:07:27 IST" duration-ms="4620" status="PASS">
          <reporter-output>
          </reporter-output>
        </test-method> <!-- veridySearchPageMethog -->
        <test-method is-config="true" signature="tearDown()[pri:0, instance:regression.VerifySearchwithInvalidProduct@312aa7c]" started-at="2026-02-28T23:07:27 IST" name="tearDown" finished-at="2026-02-28T23:07:31 IST" duration-ms="4277" status="PASS">
          <reporter-output>
          </reporter-output>
        </test-method> <!-- tearDown -->
      </class> <!-- regression.VerifySearchwithInvalidProduct -->
    </test> <!-- Test -->
  </suite> <!-- Suite -->
</testng-results>
