<?xml version="1.0" encoding="UTF-8"?>
<!-- Generated by org.testng.reporters.JUnitReportReporter -->
<testsuite hostname="Lav-Lappy" failures="0" tests="1" name="regression.VerifyLoginwithInvalidCredentials$VerifyLoginwithValidCredentials" time="14.691" errors="0" timestamp="2026-02-14T20:28:04 IST" skipped="0">
  <testcase classname="regression.VerifyLoginwithInvalidCredentials$VerifyLoginwithValidCredentials" name="validateLoginTest" time="14.691"/>
</testsuite> <!-- regression.VerifyLoginwithInvalidCredentials$VerifyLoginwithValidCredentials -->
